[23:10:27] [main/INFO]: Setting user: Player263
[23:10:28] [Client thread/INFO]: LWJGL Version: 2.9.1
[23:10:35] [Client thread/INFO]: Reloading ResourceManager: Default, FMLFileResourcePack:Forge Mod Loader, FMLFileResourcePack:Minecraft Forge, FMLFileResourcePack:Smeltery
[23:10:36] [Sound Library Loader/INFO]: Sound engine started
[23:10:37] [Client thread/INFO]: Created: 16x16 textures/blocks-atlas
[23:10:37] [Client thread/INFO]: Created: 16x16 textures/items-atlas
[23:10:37] [Client thread/INFO]: Reloading ResourceManager: Default, FMLFileResourcePack:Forge Mod Loader, FMLFileResourcePack:Minecraft Forge, FMLFileResourcePack:Smeltery
[23:10:37] [Client thread/INFO]: Created: 512x256 textures/blocks-atlas
[23:10:37] [Client thread/INFO]: Created: 256x256 textures/items-atlas
[23:10:38] [Sound Library Loader/INFO]: Sound engine started
[23:10:42] [Server thread/INFO]: Starting integrated minecraft server version 1.7.10
[23:10:42] [Server thread/INFO]: Generating keypair
[23:10:42] [Server thread/INFO]: Preparing start region for level 0
[23:10:43] [Server thread/INFO]: Changing view distance to 12, from 10
[23:10:43] [Server thread/INFO]: Player263[local:E:1b3d277a] logged in with entity id 173 at (2.117479392933843, 6.8922171027540085, 1146.300000011921)
[23:10:43] [Server thread/INFO]: Player263 joined the game
[23:11:10] [Server thread/INFO]: Player263 has just earned the achievement [Taking Inventory]
[23:11:10] [Client thread/INFO]: [CHAT] Player263 has just earned the achievement [Taking Inventory]
[23:11:38] [Client thread/INFO]: [CHAT] smeltery:StoneFrame, smeltery:SmeltingCore
[23:11:41] [Client thread/INFO]: [CHAT] smeltery:StoneFrame, smeltery:SmeltingCore
[23:11:41] [Client thread/INFO]: [CHAT] smeltery:StoneFrame, smeltery:SmeltingCore
[23:11:42] [Client thread/INFO]: [CHAT] smeltery:StoneFrame, smeltery:SmeltingCore
